Build started 17-Jun-15 10:28:38.
     1>Project "C:\Users\genevh\Documents\Visual Studio 2012\Projects\LRDetectCPP\LRDetectCPP\LRDetectCPP.vcxproj" on node 2 (Build target(s)).
     1>ClCompile:
         C:\Program Files (x86)\Microsoft Visual Studio 11.0\VC\bin\CL.exe /c /Zi /nologo /W3 /WX- /sdl /O2 /Oi /Oy- /GL /D WIN32 /D NDEBUG /D _WINDOWS /D _MBCS /Gm- /EHsc /MD /GS /Gy /fp:precise /Zc:wchar_t /Zc:forScope /Fo"Release\\" /Fd"Release\vc110.pdb" /Gd /TP /analyze- /errorReport:prompt CmdArgs.cpp Collect.cpp HardwareInfo.cpp Html.cpp HtmlContent.cpp MainForm.cpp MsiProgram.cpp OsInfo.cpp ProductsInfo.cpp RegistryWrapper.cpp
         CmdArgs.cpp
         Collect.cpp
         HardwareInfo.cpp
         Html.cpp
         HtmlContent.cpp
         MainForm.cpp
         MsiProgram.cpp
         OsInfo.cpp
         ProductsInfo.cpp
         RegistryWrapper.cpp
       ResourceCompile:
         C:\Program Files (x86)\Windows Kits\8.0\bin\x86\rc.exe /l"0x0409" /nologo /fo"Release\LRDetectCPP.res" LRDetectCPP.rc 
       Link:
         C:\Program Files (x86)\Microsoft Visual Studio 11.0\VC\bin\link.exe /ERRORREPORT:PROMPT /OUT:"C:\Users\genevh\Documents\Visual Studio 2012\Projects\LRDetectCPP\Release\LRDetectCPP.exe" /INCREMENTAL:NO /NOLOGO kernel32.lib user32.lib gdi32.lib winspool.lib comdlg32.lib advapi32.lib shell32.lib ole32.lib oleaut32.lib uuid.lib odbc32.lib odbccp32.lib /MANIFEST /MANIFESTUAC:"level='asInvoker' uiAccess='false'" /manifest:embed /DEBUG /PDB:"C:\Users\genevh\Documents\Visual Studio 2012\Projects\LRDetectCPP\Release\LRDetectCPP.pdb" /SUBSYSTEM:WINDOWS /OPT:REF /OPT:ICF /LTCG /TLBID:1 /DYNAMICBASE /NXCOMPAT /IMPLIB:"C:\Users\genevh\Documents\Visual Studio 2012\Projects\LRDetectCPP\Release\LRDetectCPP.lib" /MACHINE:X86 /SAFESEH Release\LRDetectCPP.res
         Release\CmdArgs.obj
         Release\Collect.obj
         Release\HardwareInfo.obj
         Release\Html.obj
         Release\HtmlContent.obj
         Release\MainForm.obj
         Release\MsiProgram.obj
         Release\OsInfo.obj
         Release\ProductsInfo.obj
         Release\RegistryWrapper.obj
         Generating code
         Finished generating code
         LRDetectCPP.vcxproj -> C:\Users\genevh\Documents\Visual Studio 2012\Projects\LRDetectCPP\Release\LRDetectCPP.exe
     1>Done Building Project "C:\Users\genevh\Documents\Visual Studio 2012\Projects\LRDetectCPP\LRDetectCPP\LRDetectCPP.vcxproj" (Build target(s)).

Build succeeded.

Time Elapsed 00:00:07.82
