C:\USERS\GENEVH\DOCUMENTS\VISUAL STUDIO 2012\PROJECTS\LRDETECTCPP\LRDETECTCPP\DEBUG\CMDARGS.OBJ
C:\USERS\GENEVH\DOCUMENTS\VISUAL STUDIO 2012\PROJECTS\LRDETECTCPP\LRDETECTCPP\DEBUG\COLLECT.OBJ
C:\USERS\GENEVH\DOCUMENTS\VISUAL STUDIO 2012\PROJECTS\LRDETECTCPP\LRDETECTCPP\DEBUG\HARDWAREINFO.OBJ
C:\USERS\GENEVH\DOCUMENTS\VISUAL STUDIO 2012\PROJECTS\LRDETECTCPP\LRDETECTCPP\DEBUG\HTML.OBJ
C:\USERS\GENEVH\DOCUMENTS\VISUAL STUDIO 2012\PROJECTS\LRDETECTCPP\LRDETECTCPP\DEBUG\HTMLCONTENT.OBJ
C:\USERS\GENEVH\DOCUMENTS\VISUAL STUDIO 2012\PROJECTS\LRDETECTCPP\LRDETECTCPP\DEBUG\MAINFORM.OBJ
C:\USERS\GENEVH\DOCUMENTS\VISUAL STUDIO 2012\PROJECTS\LRDETECTCPP\LRDETECTCPP\DEBUG\MSIPROGRAM.OBJ
C:\USERS\GENEVH\DOCUMENTS\VISUAL STUDIO 2012\PROJECTS\LRDETECTCPP\LRDETECTCPP\DEBUG\OSINFO.OBJ
C:\USERS\GENEVH\DOCUMENTS\VISUAL STUDIO 2012\PROJECTS\LRDETECTCPP\LRDETECTCPP\DEBUG\REGISTRYWRAPPER.OBJ
C:\USERS\GENEVH\DOCUMENTS\VISUAL STUDIO 2012\PROJECTS\LRDETECTCPP\LRDETECTCPP\DEBUG\VC110.PDB
C:\USERS\GENEVH\DOCUMENTS\VISUAL STUDIO 2012\PROJECTS\LRDETECTCPP\LRDETECTCPP\DEBUG\PRODUCTSINFO.OBJ
C:\USERS\GENEVH\DOCUMENTS\VISUAL STUDIO 2012\PROJECTS\LRDETECTCPP\LRDETECTCPP\DEBUG\LOADRUNNERPROGRAM.OBJ
C:\USERS\GENEVH\DOCUMENTS\VISUAL STUDIO 2012\PROJECTS\LRDETECTCPP\DEBUG\LRDETECTCPP.ILK
C:\USERS\GENEVH\DOCUMENTS\VISUAL STUDIO 2012\PROJECTS\LRDETECTCPP\DEBUG\LRDETECTCPP.EXE
C:\USERS\GENEVH\DOCUMENTS\VISUAL STUDIO 2012\PROJECTS\LRDETECTCPP\DEBUG\LRDETECTCPP.PDB
C:\USERS\GENEVH\DOCUMENTS\VISUAL STUDIO 2012\PROJECTS\LRDETECTCPP\LRDETECTCPP\DEBUG\LRDETECTCPP.RES
C:\Users\genevh\Documents\Visual Studio 2012\Projects\LRDetectCPP\LRDetectCPP\Debug\CmdArgs.obj
C:\Users\genevh\Documents\Visual Studio 2012\Projects\LRDetectCPP\LRDetectCPP\Debug\Collect.obj
C:\Users\genevh\Documents\Visual Studio 2012\Projects\LRDetectCPP\LRDetectCPP\Debug\HardwareInfo.obj
C:\Users\genevh\Documents\Visual Studio 2012\Projects\LRDetectCPP\LRDetectCPP\Debug\Html.obj
C:\Users\genevh\Documents\Visual Studio 2012\Projects\LRDetectCPP\LRDetectCPP\Debug\HtmlContent.obj
C:\Users\genevh\Documents\Visual Studio 2012\Projects\LRDetectCPP\LRDetectCPP\Debug\LoadRunnerProgram.obj
C:\Users\genevh\Documents\Visual Studio 2012\Projects\LRDetectCPP\LRDetectCPP\Debug\MainForm.obj
C:\Users\genevh\Documents\Visual Studio 2012\Projects\LRDetectCPP\LRDetectCPP\Debug\MsiProgram.obj
C:\Users\genevh\Documents\Visual Studio 2012\Projects\LRDetectCPP\LRDetectCPP\Debug\OsInfo.obj
C:\Users\genevh\Documents\Visual Studio 2012\Projects\LRDetectCPP\LRDetectCPP\Debug\ProductsInfo.obj
C:\Users\genevh\Documents\Visual Studio 2012\Projects\LRDetectCPP\LRDetectCPP\Debug\RegistryWrapper.obj
C:\Users\genevh\Documents\Visual Studio 2012\Projects\LRDetectCPP\LRDetectCPP\Debug\cl.command.1.tlog
C:\Users\genevh\Documents\Visual Studio 2012\Projects\LRDetectCPP\LRDetectCPP\Debug\CL.read.1.tlog
C:\Users\genevh\Documents\Visual Studio 2012\Projects\LRDetectCPP\LRDetectCPP\Debug\CL.write.1.tlog
C:\Users\genevh\Documents\Visual Studio 2012\Projects\LRDetectCPP\LRDetectCPP\Debug\link-cvtres.read.1.tlog
C:\Users\genevh\Documents\Visual Studio 2012\Projects\LRDetectCPP\LRDetectCPP\Debug\link-cvtres.write.1.tlog
C:\Users\genevh\Documents\Visual Studio 2012\Projects\LRDetectCPP\LRDetectCPP\Debug\link-rc.read.1.tlog
C:\Users\genevh\Documents\Visual Studio 2012\Projects\LRDetectCPP\LRDetectCPP\Debug\link-rc.write.1.tlog
C:\Users\genevh\Documents\Visual Studio 2012\Projects\LRDetectCPP\LRDetectCPP\Debug\link.10436-cvtres.read.1.tlog
C:\Users\genevh\Documents\Visual Studio 2012\Projects\LRDetectCPP\LRDetectCPP\Debug\link.10436-cvtres.write.1.tlog
C:\Users\genevh\Documents\Visual Studio 2012\Projects\LRDetectCPP\LRDetectCPP\Debug\link.10436-rc.read.1.tlog
C:\Users\genevh\Documents\Visual Studio 2012\Projects\LRDetectCPP\LRDetectCPP\Debug\link.10436-rc.write.1.tlog
C:\Users\genevh\Documents\Visual Studio 2012\Projects\LRDetectCPP\LRDetectCPP\Debug\link.10436.read.1.tlog
C:\Users\genevh\Documents\Visual Studio 2012\Projects\LRDetectCPP\LRDetectCPP\Debug\link.10436.write.1.tlog
C:\Users\genevh\Documents\Visual Studio 2012\Projects\LRDetectCPP\LRDetectCPP\Debug\link.11224-cvtres.read.1.tlog
C:\Users\genevh\Documents\Visual Studio 2012\Projects\LRDetectCPP\LRDetectCPP\Debug\link.11224-cvtres.write.1.tlog
C:\Users\genevh\Documents\Visual Studio 2012\Projects\LRDetectCPP\LRDetectCPP\Debug\link.11224-rc.read.1.tlog
C:\Users\genevh\Documents\Visual Studio 2012\Projects\LRDetectCPP\LRDetectCPP\Debug\link.11224-rc.write.1.tlog
C:\Users\genevh\Documents\Visual Studio 2012\Projects\LRDetectCPP\LRDetectCPP\Debug\link.11224.read.1.tlog
C:\Users\genevh\Documents\Visual Studio 2012\Projects\LRDetectCPP\LRDetectCPP\Debug\link.11224.write.1.tlog
C:\Users\genevh\Documents\Visual Studio 2012\Projects\LRDetectCPP\LRDetectCPP\Debug\link.12348-cvtres.read.1.tlog
C:\Users\genevh\Documents\Visual Studio 2012\Projects\LRDetectCPP\LRDetectCPP\Debug\link.12348-cvtres.write.1.tlog
C:\Users\genevh\Documents\Visual Studio 2012\Projects\LRDetectCPP\LRDetectCPP\Debug\link.12348-rc.read.1.tlog
C:\Users\genevh\Documents\Visual Studio 2012\Projects\LRDetectCPP\LRDetectCPP\Debug\link.12348-rc.write.1.tlog
C:\Users\genevh\Documents\Visual Studio 2012\Projects\LRDetectCPP\LRDetectCPP\Debug\link.12348.read.1.tlog
C:\Users\genevh\Documents\Visual Studio 2012\Projects\LRDetectCPP\LRDetectCPP\Debug\link.12348.write.1.tlog
C:\Users\genevh\Documents\Visual Studio 2012\Projects\LRDetectCPP\LRDetectCPP\Debug\link.12944-cvtres.read.1.tlog
C:\Users\genevh\Documents\Visual Studio 2012\Projects\LRDetectCPP\LRDetectCPP\Debug\link.12944-cvtres.write.1.tlog
C:\Users\genevh\Documents\Visual Studio 2012\Projects\LRDetectCPP\LRDetectCPP\Debug\link.12944-rc.read.1.tlog
C:\Users\genevh\Documents\Visual Studio 2012\Projects\LRDetectCPP\LRDetectCPP\Debug\link.12944-rc.write.1.tlog
C:\Users\genevh\Documents\Visual Studio 2012\Projects\LRDetectCPP\LRDetectCPP\Debug\link.12944.read.1.tlog
C:\Users\genevh\Documents\Visual Studio 2012\Projects\LRDetectCPP\LRDetectCPP\Debug\link.12944.write.1.tlog
C:\Users\genevh\Documents\Visual Studio 2012\Projects\LRDetectCPP\LRDetectCPP\Debug\link.5768-cvtres.read.1.tlog
C:\Users\genevh\Documents\Visual Studio 2012\Projects\LRDetectCPP\LRDetectCPP\Debug\link.5768-cvtres.write.1.tlog
C:\Users\genevh\Documents\Visual Studio 2012\Projects\LRDetectCPP\LRDetectCPP\Debug\link.5768-rc.read.1.tlog
C:\Users\genevh\Documents\Visual Studio 2012\Projects\LRDetectCPP\LRDetectCPP\Debug\link.5768-rc.write.1.tlog
C:\Users\genevh\Documents\Visual Studio 2012\Projects\LRDetectCPP\LRDetectCPP\Debug\link.5768.read.1.tlog
C:\Users\genevh\Documents\Visual Studio 2012\Projects\LRDetectCPP\LRDetectCPP\Debug\link.5768.write.1.tlog
C:\Users\genevh\Documents\Visual Studio 2012\Projects\LRDetectCPP\LRDetectCPP\Debug\link.9684-cvtres.read.1.tlog
C:\Users\genevh\Documents\Visual Studio 2012\Projects\LRDetectCPP\LRDetectCPP\Debug\link.9684-cvtres.write.1.tlog
C:\Users\genevh\Documents\Visual Studio 2012\Projects\LRDetectCPP\LRDetectCPP\Debug\link.9684-rc.read.1.tlog
C:\Users\genevh\Documents\Visual Studio 2012\Projects\LRDetectCPP\LRDetectCPP\Debug\link.9684-rc.write.1.tlog
C:\Users\genevh\Documents\Visual Studio 2012\Projects\LRDetectCPP\LRDetectCPP\Debug\link.9684.read.1.tlog
C:\Users\genevh\Documents\Visual Studio 2012\Projects\LRDetectCPP\LRDetectCPP\Debug\link.9684.write.1.tlog
C:\Users\genevh\Documents\Visual Studio 2012\Projects\LRDetectCPP\LRDetectCPP\Debug\link.command.1.tlog
C:\Users\genevh\Documents\Visual Studio 2012\Projects\LRDetectCPP\LRDetectCPP\Debug\link.read.1.tlog
C:\Users\genevh\Documents\Visual Studio 2012\Projects\LRDetectCPP\LRDetectCPP\Debug\link.write.1.tlog
C:\Users\genevh\Documents\Visual Studio 2012\Projects\LRDetectCPP\LRDetectCPP\Debug\metagen.read.1.tlog
C:\Users\genevh\Documents\Visual Studio 2012\Projects\LRDetectCPP\LRDetectCPP\Debug\metagen.write.1.tlog
C:\Users\genevh\Documents\Visual Studio 2012\Projects\LRDetectCPP\LRDetectCPP\Debug\rc.command.1.tlog
C:\Users\genevh\Documents\Visual Studio 2012\Projects\LRDetectCPP\LRDetectCPP\Debug\rc.read.1.tlog
C:\Users\genevh\Documents\Visual Studio 2012\Projects\LRDetectCPP\LRDetectCPP\Debug\rc.write.1.tlog
C:\Users\genevh\Documents\Visual Studio 2012\Projects\LRDetectCPP\LRDetectCPP\Debug\LRDetectCPP.res
C:\Users\genevh\Documents\Visual Studio 2012\Projects\LRDetectCPP\LRDetectCPP\Debug\vc110.idb
C:\Users\genevh\Documents\Visual Studio 2012\Projects\LRDetectCPP\LRDetectCPP\Debug\vc110.pdb
C:\Users\genevh\Documents\Visual Studio 2012\Projects\LRDetectCPP\LRDetectCPP\Debug\RSAENH.DLL.bi
C:\Users\genevh\Documents\Visual Studio 2012\Projects\LRDetectCPP\LRDetectCPP\Debug\TZRES.DLL.bi
C:\Users\genevh\Documents\Visual Studio 2012\Projects\LRDetectCPP\Debug\LRDetectCPP.pdb
C:\Users\genevh\Documents\Visual Studio 2012\Projects\LRDetectCPP\Debug\LRDetectCPP.exe
C:\Users\genevh\Documents\Visual Studio 2012\Projects\LRDetectCPP\Debug\LRDetectCPP.ilk
