Build started 29-Jun-15 16:35:49.
     1>Project "C:\Users\genevh\Documents\Visual Studio 2012\Projects\LRDetectCPP\LRDetectCPP\LRDetectCPP.vcxproj" on node 2 (Build target(s)).
     1>ClCompile:
         C:\Program Files (x86)\Microsoft Visual Studio 11.0\VC\bin\CL.exe /c /ZI /nologo /W3 /WX- /sdl /Od /Oy- /D WIN32 /D _DEBUG /D _WINDOWS /D _MBCS /Gm /EHsc /RTC1 /MDd /GS /fp:precise /Zc:wchar_t /Zc:forScope /Fo"Debug\\" /Fd"Debug\vc110.pdb" /Gd /TP /analyze- /errorReport:prompt Utilities.cpp
         Utilities.cpp
       Link:
         C:\Program Files (x86)\Microsoft Visual Studio 11.0\VC\bin\link.exe /ERRORREPORT:PROMPT /OUT:"C:\Users\genevh\Documents\Visual Studio 2012\Projects\LRDetectCPP\Debug\LRDetectCPP.exe" /INCREMENTAL /NOLOGO kernel32.lib user32.lib gdi32.lib winspool.lib comdlg32.lib advapi32.lib shell32.lib ole32.lib oleaut32.lib uuid.lib odbc32.lib odbccp32.lib /MANIFEST /MANIFESTUAC:"level='asInvoker' uiAccess='false'" /manifest:embed /DEBUG /PDB:"C:\Users\genevh\Documents\Visual Studio 2012\Projects\LRDetectCPP\Debug\LRDetectCPP.pdb" /SUBSYSTEM:WINDOWS /TLBID:1 /DYNAMICBASE /NXCOMPAT /IMPLIB:"C:\Users\genevh\Documents\Visual Studio 2012\Projects\LRDetectCPP\Debug\LRDetectCPP.lib" /MACHINE:X86 Debug\LRDetectCPP.res
         Debug\CmdArgs.obj
         Debug\Collect.obj
         Debug\HardwareInfo.obj
         Debug\Html.obj
         Debug\HtmlContent.obj
         Debug\MainForm.obj
         Debug\MsiProgram.obj
         Debug\OsInfo.obj
         Debug\ProductsInfo.obj
         Debug\MsiCustomProgram.obj
         Debug\RegistryWrapper.obj
         Debug\Utilities.obj
         Debug\WmiWrapper.obj
         LRDetectCPP.vcxproj -> C:\Users\genevh\Documents\Visual Studio 2012\Projects\LRDetectCPP\Debug\LRDetectCPP.exe
     1>Done Building Project "C:\Users\genevh\Documents\Visual Studio 2012\Projects\LRDetectCPP\LRDetectCPP\LRDetectCPP.vcxproj" (Build target(s)).

Build succeeded.

Time Elapsed 00:00:02.10
